2026-04-12 15:23:49.949 +00:00 [INF] Executed DbCommand (55ms) [Parameters=[], CommandType='"Text"', CommandTimeout='30']
SELECT EXISTS (
    SELECT 1 FROM pg_catalog.pg_class c
    JOIN pg_catalog.pg_namespace n ON n.oid=c.relnamespace
    WHERE n.nspname='public' AND
          c.relname='__EFMigrationsHistory'
)
2026-04-12 15:23:50.102 +00:00 [INF] Executed DbCommand (2ms) [Parameters=[], CommandType='"Text"', CommandTimeout='30']
SELECT "MigrationId", "ProductVersion"
FROM "__EFMigrationsHistory"
ORDER BY "MigrationId";
2026-04-12 15:23:50.156 +00:00 [INF] Executed DbCommand (1ms) [Parameters=[], CommandType='"Text"', CommandTimeout='30']
SELECT EXISTS (
    SELECT 1 FROM pg_catalog.pg_class c
    JOIN pg_catalog.pg_namespace n ON n.oid=c.relnamespace
    WHERE n.nspname='public' AND
          c.relname='__EFMigrationsHistory'
)
2026-04-12 15:23:50.186 +00:00 [INF] Executed DbCommand (1ms) [Parameters=[], CommandType='"Text"', CommandTimeout='30']
SELECT EXISTS (
    SELECT 1 FROM pg_catalog.pg_class c
    JOIN pg_catalog.pg_namespace n ON n.oid=c.relnamespace
    WHERE n.nspname='public' AND
          c.relname='__EFMigrationsHistory'
)
2026-04-12 15:23:50.191 +00:00 [INF] Executed DbCommand (1ms) [Parameters=[], CommandType='"Text"', CommandTimeout='30']
SELECT "MigrationId", "ProductVersion"
FROM "__EFMigrationsHistory"
ORDER BY "MigrationId";
2026-04-12 15:23:50.248 +00:00 [INF] No migrations were applied. The database is already up to date.
2026-04-12 15:23:50.426 +00:00 [INF] Now listening on: http://[::]:8080
2026-04-12 15:23:50.434 +00:00 [INF] Application started. Press Ctrl+C to shut down.
2026-04-12 15:23:50.439 +00:00 [INF] Hosting environment: Production
2026-04-12 15:23:50.450 +00:00 [INF] Content root path: /app
2026-04-12 15:25:21.364 +00:00 [INF] Request starting HTTP/1.1 POST http://orderservice:8080/api/orders - application/json 63
2026-04-12 15:25:21.415 +00:00 [INF] Executing endpoint 'OrderService.Controllers.OrdersController.CreateOrder (OrderService)'
2026-04-12 15:25:21.460 +00:00 [INF] Route matched with {action = "CreateOrder", controller = "Orders"}. Executing controller action with signature System.Threading.Tasks.Task`1[Microsoft.AspNetCore.Mvc.IActionResult] CreateOrder(OrderService.Models.Order) on controller OrderService.Controllers.OrdersController (OrderService).
2026-04-12 15:25:21.642 +00:00 [INF] Creando nueva orden para producto Keyboard
2026-04-12 15:25:22.031 +00:00 [INF] Executed DbCommand (31ms) [Parameters=[@p0='?' (DbType = DateTime), @p1='?', @p2='?' (DbType = Int32), @p3='?' (DbType = Decimal)], CommandType='"Text"', CommandTimeout='30']
INSERT INTO "Orders" ("CreatedAt", "Product", "Quantity", "Total")
VALUES (@p0, @p1, @p2, @p3)
RETURNING "Id";
2026-04-12 15:25:22.092 +00:00 [INF] ✅ Orden guardada con ID 5
2026-04-12 15:25:22.149 +00:00 [INF] Start processing HTTP request POST http://paymentservice:8080/api/payments
2026-04-12 15:25:22.186 +00:00 [INF] Sending HTTP request POST http://paymentservice:8080/api/payments
2026-04-12 15:25:22.676 +00:00 [INF] Received HTTP response headers after 482.1919ms - 200
2026-04-12 15:25:22.702 +00:00 [INF] End processing HTTP request after 555.7125ms - 200
2026-04-12 15:25:22.740 +00:00 [INF] Executing OkObjectResult, writing value of type '<>f__AnonymousType2`2[[OrderService.Models.Order, OrderService, Version=1.0.0.0, Culture=neutral, PublicKeyToken=null],[System.String, System.Private.CoreLib, Version=8.0.0.0, Culture=neutral, PublicKeyToken=7cec85d7bea7798e]]'.
2026-04-12 15:25:22.810 +00:00 [INF] Executed action OrderService.Controllers.OrdersController.CreateOrder (OrderService) in 1342.5894ms
2026-04-12 15:25:22.817 +00:00 [INF] Executed endpoint 'OrderService.Controllers.OrdersController.CreateOrder (OrderService)'
2026-04-12 15:25:22.848 +00:00 [INF] Request finished HTTP/1.1 POST http://orderservice:8080/api/orders - 200 null application/json; charset=utf-8 1485.7312ms
